<?xml version="1.0" encoding="UTF-8" ?>
<testsuite errors="0" failures="1" hostname="DOMINATRIX" name="controller.loginTest" skipped="0" tests="1" time="0.073" timestamp="2016-04-21T12:22:59">
  <properties>
[...]
</properties>
  <testcase classname="controller.loginTest" name="testInitialize" time="0.011">
    <failure message="The test case is a prototype." type="junit.framework.AssertionFailedError">junit.framework.AssertionFailedError: The test case is a prototype.
	at controller.loginTest.testInitialize(loginTest.java:53)
</failure>
  </testcase>
  <system-out><![CDATA[initialize
]]></system-out>
  <system-err><![CDATA[]]></system-err>
</testsuite>
